<?xml version="1.0" encoding="UTF-8"?>
<!-- Generated by org.testng.reporters.JUnitReportReporter -->
<testsuite skipped="0" hostname="DESKTOP-TT3HAF2" name="tests.Registeredusercheckout" tests="4" failures="0" timestamp="2019-10-05T17:43:38 EET" time="21.879" errors="0">
  <testcase name="Userloginsuccessfully" time="2.907" classname="tests.Registeredusercheckout"/>
  <testcase name="UsercanfindProduct" time="2.569" classname="tests.Registeredusercheckout"/>
  <testcase name="UserCanCheckoutProduct" time="12.638" classname="tests.Registeredusercheckout"/>
  <testcase name="UsersignoutSuccessfully" time="3.765" classname="tests.Registeredusercheckout"/>
</testsuite> <!-- tests.Registeredusercheckout -->
