<?xml version="1.0" encoding="UTF-8"?>
<!-- Generated by org.testng.reporters.JUnitReportReporter -->
<testsuite skipped="0" hostname="DESKTOP-TT3HAF2" name="tests.UserCancheckoutsignin" tests="3" failures="0" timestamp="2019-10-05T17:43:38 EET" time="18.999" errors="0">
  <testcase name="UsercanSearchforProduct" time="2.316" classname="tests.UserCancheckoutsignin"/>
  <testcase name="UserCanCheckoutProduct" time="14.171" classname="tests.UserCancheckoutsignin"/>
  <testcase name="UserCansignoutSuccessfully" time="2.512" classname="tests.UserCancheckoutsignin"/>
</testsuite> <!-- tests.UserCancheckoutsignin -->
