<?xml version="1.0" encoding="UTF-8"?>
<!-- Generated by org.testng.reporters.JUnitReportReporter -->
<testsuite skipped="0" hostname="DESKTOP-LF89V5L" name="tests.UserRegisterationDatadriven" tests="5" failures="0" timestamp="2020-07-09T00:30:19 AST" time="29.001" errors="0">
  <testcase name="RegisterUserCanFollowCheckOutProcedure" time="6.332" classname="tests.UserRegisterationDatadriven"/>
  <testcase name="RegisteredUserCanLogout" time="1.772" classname="tests.UserRegisterationDatadriven"/>
  <testcase name="RegisterUserCanLogin" time="2.857" classname="tests.UserRegisterationDatadriven"/>
  <testcase name="RegisterUserCanSelectProduct" time="8.369" classname="tests.UserRegisterationDatadriven"/>
  <testcase name="Userregistersuccessfully" time="9.671" classname="tests.UserRegisterationDatadriven"/>
</testsuite> <!-- tests.UserRegisterationDatadriven -->
