<?xml version="1.0" encoding="UTF-8"?>
<!-- Generated by org.testng.reporters.JUnitReportReporter -->
<testsuite skipped="0" hostname="DESKTOP-LF89V5L" name="tests.E2E_Testing_Scenario" tests="7" failures="0" timestamp="2020-07-10T02:56:52 AST" time="27.207" errors="0">
  <testcase name="RegisterUserCanFollowCheckOutProcedure" time="5.853" classname="tests.E2E_Testing_Scenario"/>
  <testcase name="RegisterUserCanLogin" time="2.833" classname="tests.E2E_Testing_Scenario"/>
  <testcase name="RegisterUserCanSelectProduct" time="3.458" classname="tests.E2E_Testing_Scenario"/>
  <testcase name="Validateorderwasplacedfromorderhistorypage" time="1.782" classname="tests.E2E_Testing_Scenario"/>
  <testcase name="RegisterUserCanConfirmCheckOrderBySelectingBankWireOption" time="3.587" classname="tests.E2E_Testing_Scenario"/>
  <testcase name="RegisteredUserCanLogout" time="1.772" classname="tests.E2E_Testing_Scenario"/>
  <testcase name="Userregistersuccessfully" time="7.922" classname="tests.E2E_Testing_Scenario"/>
</testsuite> <!-- tests.E2E_Testing_Scenario -->
