<?xml version="1.0" encoding="UTF-8"?>
<!-- Generated by org.testng.reporters.JUnitReportReporter -->
<testsuite skipped="0" hostname="DESKTOP-TT3HAF2" name="tests.SearchProductPageAutoSuggest" tests="1" failures="0" timestamp="2019-10-05T17:43:38 EET" time="2.375" errors="0">
  <testcase name="UserCanSearchWithAutoSuggest" time="2.375" classname="tests.SearchProductPageAutoSuggest"/>
</testsuite> <!-- tests.SearchProductPageAutoSuggest -->
