<?xml version="1.0" encoding="UTF-8"?>
<!-- Generated by org.testng.reporters.JUnitReportReporter -->
<testsuite skipped="0" hostname="DESKTOP-TT3HAF2" name="tests.UserRegisteration" tests="5" failures="0" timestamp="2019-10-05T17:43:38 EET" time="17.072" errors="0">
  <testcase name="RegisteredUserCanLogout" time="1.931" classname="tests.UserRegisteration"/>
  <testcase name="RegisterUserCanLogin" time="2.763" classname="tests.UserRegisteration"/>
  <testcase name="checkvalidationempty" time="5.388" classname="tests.UserRegisteration"/>
  <testcase name="Userregistersuccessfully" time="5.209" classname="tests.UserRegisteration"/>
  <testcase name="loginedUserLogout" time="1.781" classname="tests.UserRegisteration"/>
</testsuite> <!-- tests.UserRegisteration -->
