<?xml version="1.0" encoding="UTF-8"?>
<!-- Generated by org.testng.reporters.JUnitReportReporter -->
<testsuite hostname="DESKTOP-L558MLK" failures="0" tests="7" name="tests.E2E_Testing" time="44.659" errors="0" timestamp="2021-09-10T16:42:35 EET" skipped="0">
  <testcase classname="tests.E2E_Testing" name="RegisterUserCanSelectProduct" time="5.015"/>
  <system-out/>
  <testcase classname="tests.E2E_Testing" name="RegisterUserCanConfirmCheckOrderBySelectingBankWireOption" time="5.286"/>
  <system-out/>
  <testcase classname="tests.E2E_Testing" name="RegisterUserCanFollowCheckOutProcedure" time="6.731"/>
  <system-out/>
  <testcase classname="tests.E2E_Testing" name="Validateorderwasplacedfromorderhistorypage" time="2.024"/>
  <system-out/>
  <testcase classname="tests.E2E_Testing" name="RegisteredUserCanLogout" time="5.125"/>
  <system-out/>
  <testcase classname="tests.E2E_Testing" name="RegisterUserCanLogin" time="5.491"/>
  <system-out/>
  <testcase classname="tests.E2E_Testing" name="Userregistersuccessfully" time="14.987"/>
  <system-out/>
</testsuite> <!-- tests.E2E_Testing -->
