<?xml version="1.0" encoding="UTF-8"?>
<!-- Generated by org.testng.reporters.JUnitReportReporter -->
<testsuite skipped="0" hostname="DESKTOP-LF89V5L" name="tests.E2E_Testing" tests="7" failures="0" timestamp="2020-07-16T17:25:15 AST" time="49.735" errors="0">
  <testcase name="RegisterUserCanLogin" time="3.776" classname="tests.E2E_Testing"/>
  <testcase name="Validateorderwasplacedfromorderhistorypage" time="3.857" classname="tests.E2E_Testing"/>
  <testcase name="RegisterUserCanFollowCheckOutProcedure" time="9.571" classname="tests.E2E_Testing"/>
  <testcase name="RegisterUserCanSelectProduct" time="4.697" classname="tests.E2E_Testing"/>
  <testcase name="RegisteredUserCanLogout" time="2.498" classname="tests.E2E_Testing"/>
  <testcase name="RegisterUserCanConfirmCheckOrderBySelectingBankWireOption" time="5.556" classname="tests.E2E_Testing"/>
  <testcase name="Userregistersuccessfully" time="19.780" classname="tests.E2E_Testing"/>
</testsuite> <!-- tests.E2E_Testing -->
